CRITICAL - 2022-04-01 16:09:25 --> Class "App\Controller\BaseController" not found
#0 C:\xampp\htdocs\codeigniter4\system\Autoloader\Autoloader.php(264): include_once()
#1 C:\xampp\htdocs\codeigniter4\system\Autoloader\Autoloader.php(241): CodeIgniter\Autoloader\Autoloader->includeFile('C:\\xampp\\htdocs...')
#2 C:\xampp\htdocs\codeigniter4\system\Autoloader\Autoloader.php(219): CodeIgniter\Autoloader\Autoloader->loadInNamespace('App\\Controllers...')
#3 [internal function]: CodeIgniter\Autoloader\Autoloader->loadClass('App\\Controllers...')
#4 C:\xampp\htdocs\codeigniter4\system\CodeIgniter.php(797): class_exists('\\App\\Controller...', true)
#5 C:\xampp\htdocs\codeigniter4\system\CodeIgniter.php(406): CodeIgniter\CodeIgniter->startController()
#6 C:\xampp\htdocs\codeigniter4\system\CodeIgniter.php(326): CodeIgniter\CodeIgniter->handleRequest(NULL, Object(Config\Cache), false)
#7 C:\xampp\htdocs\codeigniter4\public\index.php(37): CodeIgniter\CodeIgniter->run()
#8 C:\xampp\htdocs\codeigniter4\system\Commands\Server\rewrite.php(43): require_once('C:\\xampp\\htdocs...')
#9 {main}
CRITICAL - 2022-04-01 16:09:39 --> Class "App\Controller\BaseController" not found
#0 C:\xampp\htdocs\codeigniter4\system\Autoloader\Autoloader.php(264): include_once()
#1 C:\xampp\htdocs\codeigniter4\system\Autoloader\Autoloader.php(241): CodeIgniter\Autoloader\Autoloader->includeFile('C:\\xampp\\htdocs...')
#2 C:\xampp\htdocs\codeigniter4\system\Autoloader\Autoloader.php(219): CodeIgniter\Autoloader\Autoloader->loadInNamespace('App\\Controllers...')
#3 [internal function]: CodeIgniter\Autoloader\Autoloader->loadClass('App\\Controllers...')
#4 C:\xampp\htdocs\codeigniter4\system\CodeIgniter.php(797): class_exists('\\App\\Controller...', true)
#5 C:\xampp\htdocs\codeigniter4\system\CodeIgniter.php(406): CodeIgniter\CodeIgniter->startController()
#6 C:\xampp\htdocs\codeigniter4\system\CodeIgniter.php(326): CodeIgniter\CodeIgniter->handleRequest(NULL, Object(Config\Cache), false)
#7 C:\xampp\htdocs\codeigniter4\public\index.php(37): CodeIgniter\CodeIgniter->run()
#8 C:\xampp\htdocs\codeigniter4\system\Commands\Server\rewrite.php(43): require_once('C:\\xampp\\htdocs...')
#9 {main}
CRITICAL - 2022-04-01 16:15:51 --> Class "App\Controller\BaseController" not found
#0 C:\xampp\htdocs\codeigniter4\system\Autoloader\Autoloader.php(264): include_once()
#1 C:\xampp\htdocs\codeigniter4\system\Autoloader\Autoloader.php(241): CodeIgniter\Autoloader\Autoloader->includeFile('C:\\xampp\\htdocs...')
#2 C:\xampp\htdocs\codeigniter4\system\Autoloader\Autoloader.php(219): CodeIgniter\Autoloader\Autoloader->loadInNamespace('App\\Controllers...')
#3 [internal function]: CodeIgniter\Autoloader\Autoloader->loadClass('App\\Controllers...')
#4 C:\xampp\htdocs\codeigniter4\system\CodeIgniter.php(797): class_exists('\\App\\Controller...', true)
#5 C:\xampp\htdocs\codeigniter4\system\CodeIgniter.php(406): CodeIgniter\CodeIgniter->startController()
#6 C:\xampp\htdocs\codeigniter4\system\CodeIgniter.php(326): CodeIgniter\CodeIgniter->handleRequest(NULL, Object(Config\Cache), false)
#7 C:\xampp\htdocs\codeigniter4\public\index.php(37): CodeIgniter\CodeIgniter->run()
#8 C:\xampp\htdocs\codeigniter4\system\Commands\Server\rewrite.php(43): require_once('C:\\xampp\\htdocs...')
#9 {main}
CRITICAL - 2022-04-01 16:17:04 --> Class "App\Controller\BaseController" not found
#0 C:\xampp\htdocs\codeigniter4\system\Autoloader\Autoloader.php(264): include_once()
#1 C:\xampp\htdocs\codeigniter4\system\Autoloader\Autoloader.php(241): CodeIgniter\Autoloader\Autoloader->includeFile('C:\\xampp\\htdocs...')
#2 C:\xampp\htdocs\codeigniter4\system\Autoloader\Autoloader.php(219): CodeIgniter\Autoloader\Autoloader->loadInNamespace('App\\Controllers...')
#3 [internal function]: CodeIgniter\Autoloader\Autoloader->loadClass('App\\Controllers...')
#4 C:\xampp\htdocs\codeigniter4\system\CodeIgniter.php(797): class_exists('\\App\\Controller...', true)
#5 C:\xampp\htdocs\codeigniter4\system\CodeIgniter.php(406): CodeIgniter\CodeIgniter->startController()
#6 C:\xampp\htdocs\codeigniter4\system\CodeIgniter.php(326): CodeIgniter\CodeIgniter->handleRequest(NULL, Object(Config\Cache), false)
#7 C:\xampp\htdocs\codeigniter4\public\index.php(37): CodeIgniter\CodeIgniter->run()
#8 C:\xampp\htdocs\codeigniter4\system\Commands\Server\rewrite.php(43): require_once('C:\\xampp\\htdocs...')
#9 {main}
CRITICAL - 2022-04-01 16:36:35 --> Class "App\Controller\BaseController" not found
#0 C:\xampp\htdocs\codeigniter4\system\Autoloader\Autoloader.php(264): include_once()
#1 C:\xampp\htdocs\codeigniter4\system\Autoloader\Autoloader.php(241): CodeIgniter\Autoloader\Autoloader->includeFile('C:\\xampp\\htdocs...')
#2 C:\xampp\htdocs\codeigniter4\system\Autoloader\Autoloader.php(219): CodeIgniter\Autoloader\Autoloader->loadInNamespace('App\\Controllers...')
#3 [internal function]: CodeIgniter\Autoloader\Autoloader->loadClass('App\\Controllers...')
#4 C:\xampp\htdocs\codeigniter4\system\CodeIgniter.php(797): class_exists('\\App\\Controller...', true)
#5 C:\xampp\htdocs\codeigniter4\system\CodeIgniter.php(406): CodeIgniter\CodeIgniter->startController()
#6 C:\xampp\htdocs\codeigniter4\system\CodeIgniter.php(326): CodeIgniter\CodeIgniter->handleRequest(NULL, Object(Config\Cache), false)
#7 C:\xampp\htdocs\codeigniter4\public\index.php(37): CodeIgniter\CodeIgniter->run()
#8 {main}
CRITICAL - 2022-04-01 16:37:03 --> Class "App\Controller\BaseController" not found
#0 C:\xampp\htdocs\codeigniter4\system\Autoloader\Autoloader.php(264): include_once()
#1 C:\xampp\htdocs\codeigniter4\system\Autoloader\Autoloader.php(241): CodeIgniter\Autoloader\Autoloader->includeFile('C:\\xampp\\htdocs...')
#2 C:\xampp\htdocs\codeigniter4\system\Autoloader\Autoloader.php(219): CodeIgniter\Autoloader\Autoloader->loadInNamespace('App\\Controllers...')
#3 [internal function]: CodeIgniter\Autoloader\Autoloader->loadClass('App\\Controllers...')
#4 C:\xampp\htdocs\codeigniter4\system\CodeIgniter.php(797): class_exists('\\App\\Controller...', true)
#5 C:\xampp\htdocs\codeigniter4\system\CodeIgniter.php(406): CodeIgniter\CodeIgniter->startController()
#6 C:\xampp\htdocs\codeigniter4\system\CodeIgniter.php(326): CodeIgniter\CodeIgniter->handleRequest(NULL, Object(Config\Cache), false)
#7 C:\xampp\htdocs\codeigniter4\public\index.php(37): CodeIgniter\CodeIgniter->run()
#8 C:\xampp\htdocs\codeigniter4\system\Commands\Server\rewrite.php(43): require_once('C:\\xampp\\htdocs...')
#9 {main}
CRITICAL - 2022-04-01 16:37:26 --> Class "App\Controller\BaseController" not found
#0 C:\xampp\htdocs\codeigniter4\system\Autoloader\Autoloader.php(264): include_once()
#1 C:\xampp\htdocs\codeigniter4\system\Autoloader\Autoloader.php(241): CodeIgniter\Autoloader\Autoloader->includeFile('C:\\xampp\\htdocs...')
#2 C:\xampp\htdocs\codeigniter4\system\Autoloader\Autoloader.php(219): CodeIgniter\Autoloader\Autoloader->loadInNamespace('App\\Controllers...')
#3 [internal function]: CodeIgniter\Autoloader\Autoloader->loadClass('App\\Controllers...')
#4 C:\xampp\htdocs\codeigniter4\system\CodeIgniter.php(797): class_exists('\\App\\Controller...', true)
#5 C:\xampp\htdocs\codeigniter4\system\CodeIgniter.php(406): CodeIgniter\CodeIgniter->startController()
#6 C:\xampp\htdocs\codeigniter4\system\CodeIgniter.php(326): CodeIgniter\CodeIgniter->handleRequest(NULL, Object(Config\Cache), false)
#7 C:\xampp\htdocs\codeigniter4\public\index.php(37): CodeIgniter\CodeIgniter->run()
#8 {main}
CRITICAL - 2022-04-01 16:52:38 --> Class "App\Controller\BaseController" not found
#0 C:\xampp\htdocs\codeigniter4\system\Autoloader\Autoloader.php(264): include_once()
#1 C:\xampp\htdocs\codeigniter4\system\Autoloader\Autoloader.php(241): CodeIgniter\Autoloader\Autoloader->includeFile('C:\\xampp\\htdocs...')
#2 C:\xampp\htdocs\codeigniter4\system\Autoloader\Autoloader.php(219): CodeIgniter\Autoloader\Autoloader->loadInNamespace('App\\Controllers...')
#3 [internal function]: CodeIgniter\Autoloader\Autoloader->loadClass('App\\Controllers...')
#4 C:\xampp\htdocs\codeigniter4\system\CodeIgniter.php(797): class_exists('\\App\\Controller...', true)
#5 C:\xampp\htdocs\codeigniter4\system\CodeIgniter.php(406): CodeIgniter\CodeIgniter->startController()
#6 C:\xampp\htdocs\codeigniter4\system\CodeIgniter.php(326): CodeIgniter\CodeIgniter->handleRequest(NULL, Object(Config\Cache), false)
#7 C:\xampp\htdocs\codeigniter4\public\index.php(37): CodeIgniter\CodeIgniter->run()
#8 {main}
CRITICAL - 2022-04-01 17:14:27 --> Class "App\Controller\BaseController" not found
#0 C:\xampp\htdocs\codeigniter4\system\Autoloader\Autoloader.php(264): include_once()
#1 C:\xampp\htdocs\codeigniter4\system\Autoloader\Autoloader.php(241): CodeIgniter\Autoloader\Autoloader->includeFile('C:\\xampp\\htdocs...')
#2 C:\xampp\htdocs\codeigniter4\system\Autoloader\Autoloader.php(219): CodeIgniter\Autoloader\Autoloader->loadInNamespace('App\\Controllers...')
#3 [internal function]: CodeIgniter\Autoloader\Autoloader->loadClass('App\\Controllers...')
#4 C:\xampp\htdocs\codeigniter4\system\CodeIgniter.php(797): class_exists('\\App\\Controller...', true)
#5 C:\xampp\htdocs\codeigniter4\system\CodeIgniter.php(406): CodeIgniter\CodeIgniter->startController()
#6 C:\xampp\htdocs\codeigniter4\system\CodeIgniter.php(326): CodeIgniter\CodeIgniter->handleRequest(NULL, Object(Config\Cache), false)
#7 C:\xampp\htdocs\codeigniter4\public\index.php(37): CodeIgniter\CodeIgniter->run()
#8 {main}
CRITICAL - 2022-04-01 17:14:46 --> Class "App\Controller\BaseController" not found
#0 C:\xampp\htdocs\codeigniter4\system\Autoloader\Autoloader.php(264): include_once()
#1 C:\xampp\htdocs\codeigniter4\system\Autoloader\Autoloader.php(241): CodeIgniter\Autoloader\Autoloader->includeFile('C:\\xampp\\htdocs...')
#2 C:\xampp\htdocs\codeigniter4\system\Autoloader\Autoloader.php(219): CodeIgniter\Autoloader\Autoloader->loadInNamespace('App\\Controllers...')
#3 [internal function]: CodeIgniter\Autoloader\Autoloader->loadClass('App\\Controllers...')
#4 C:\xampp\htdocs\codeigniter4\system\CodeIgniter.php(797): class_exists('\\App\\Controller...', true)
#5 C:\xampp\htdocs\codeigniter4\system\CodeIgniter.php(406): CodeIgniter\CodeIgniter->startController()
#6 C:\xampp\htdocs\codeigniter4\system\CodeIgniter.php(326): CodeIgniter\CodeIgniter->handleRequest(NULL, Object(Config\Cache), false)
#7 C:\xampp\htdocs\codeigniter4\public\index.php(37): CodeIgniter\CodeIgniter->run()
#8 {main}
CRITICAL - 2022-04-01 17:20:54 --> Class "App\Controller\BaseController" not found
#0 C:\xampp\htdocs\codeigniter4\system\Autoloader\Autoloader.php(264): include_once()
#1 C:\xampp\htdocs\codeigniter4\system\Autoloader\Autoloader.php(241): CodeIgniter\Autoloader\Autoloader->includeFile('C:\\xampp\\htdocs...')
#2 C:\xampp\htdocs\codeigniter4\system\Autoloader\Autoloader.php(219): CodeIgniter\Autoloader\Autoloader->loadInNamespace('App\\Controllers...')
#3 [internal function]: CodeIgniter\Autoloader\Autoloader->loadClass('App\\Controllers...')
#4 C:\xampp\htdocs\codeigniter4\system\CodeIgniter.php(797): class_exists('\\App\\Controller...', true)
#5 C:\xampp\htdocs\codeigniter4\system\CodeIgniter.php(406): CodeIgniter\CodeIgniter->startController()
#6 C:\xampp\htdocs\codeigniter4\system\CodeIgniter.php(326): CodeIgniter\CodeIgniter->handleRequest(NULL, Object(Config\Cache), false)
#7 C:\xampp\htdocs\codeigniter4\public\index.php(37): CodeIgniter\CodeIgniter->run()
#8 {main}
CRITICAL - 2022-04-01 17:22:46 --> Class "App\Controller\BaseController" not found
#0 C:\xampp\htdocs\codeigniter4\system\Autoloader\Autoloader.php(264): include_once()
#1 C:\xampp\htdocs\codeigniter4\system\Autoloader\Autoloader.php(241): CodeIgniter\Autoloader\Autoloader->includeFile('C:\\xampp\\htdocs...')
#2 C:\xampp\htdocs\codeigniter4\system\Autoloader\Autoloader.php(219): CodeIgniter\Autoloader\Autoloader->loadInNamespace('App\\Controllers...')
#3 [internal function]: CodeIgniter\Autoloader\Autoloader->loadClass('App\\Controllers...')
#4 C:\xampp\htdocs\codeigniter4\system\CodeIgniter.php(797): class_exists('\\App\\Controller...', true)
#5 C:\xampp\htdocs\codeigniter4\system\CodeIgniter.php(406): CodeIgniter\CodeIgniter->startController()
#6 C:\xampp\htdocs\codeigniter4\system\CodeIgniter.php(326): CodeIgniter\CodeIgniter->handleRequest(NULL, Object(Config\Cache), false)
#7 C:\xampp\htdocs\codeigniter4\public\index.php(37): CodeIgniter\CodeIgniter->run()
#8 {main}
CRITICAL - 2022-04-01 17:25:59 --> Class "App\Controller\BaseController" not found
#0 C:\xampp\htdocs\codeigniter4\system\Autoloader\Autoloader.php(264): include_once()
#1 C:\xampp\htdocs\codeigniter4\system\Autoloader\Autoloader.php(241): CodeIgniter\Autoloader\Autoloader->includeFile('C:\\xampp\\htdocs...')
#2 C:\xampp\htdocs\codeigniter4\system\Autoloader\Autoloader.php(219): CodeIgniter\Autoloader\Autoloader->loadInNamespace('App\\Controllers...')
#3 [internal function]: CodeIgniter\Autoloader\Autoloader->loadClass('App\\Controllers...')
#4 C:\xampp\htdocs\codeigniter4\system\CodeIgniter.php(797): class_exists('\\App\\Controller...', true)
#5 C:\xampp\htdocs\codeigniter4\system\CodeIgniter.php(406): CodeIgniter\CodeIgniter->startController()
#6 C:\xampp\htdocs\codeigniter4\system\CodeIgniter.php(326): CodeIgniter\CodeIgniter->handleRequest(NULL, Object(Config\Cache), false)
#7 C:\xampp\htdocs\codeigniter4\public\index.php(37): CodeIgniter\CodeIgniter->run()
#8 {main}
CRITICAL - 2022-04-01 17:26:03 --> Class "App\Controller\BaseController" not found
#0 C:\xampp\htdocs\codeigniter4\system\Autoloader\Autoloader.php(264): include_once()
#1 C:\xampp\htdocs\codeigniter4\system\Autoloader\Autoloader.php(241): CodeIgniter\Autoloader\Autoloader->includeFile('C:\\xampp\\htdocs...')
#2 C:\xampp\htdocs\codeigniter4\system\Autoloader\Autoloader.php(219): CodeIgniter\Autoloader\Autoloader->loadInNamespace('App\\Controllers...')
#3 [internal function]: CodeIgniter\Autoloader\Autoloader->loadClass('App\\Controllers...')
#4 C:\xampp\htdocs\codeigniter4\system\CodeIgniter.php(797): class_exists('\\App\\Controller...', true)
#5 C:\xampp\htdocs\codeigniter4\system\CodeIgniter.php(406): CodeIgniter\CodeIgniter->startController()
#6 C:\xampp\htdocs\codeigniter4\system\CodeIgniter.php(326): CodeIgniter\CodeIgniter->handleRequest(NULL, Object(Config\Cache), false)
#7 C:\xampp\htdocs\codeigniter4\public\index.php(37): CodeIgniter\CodeIgniter->run()
#8 {main}
CRITICAL - 2022-04-01 17:26:20 --> Class "App\Controller\BaseController" not found
#0 C:\xampp\htdocs\codeigniter4\system\Autoloader\Autoloader.php(264): include_once()
#1 C:\xampp\htdocs\codeigniter4\system\Autoloader\Autoloader.php(241): CodeIgniter\Autoloader\Autoloader->includeFile('C:\\xampp\\htdocs...')
#2 C:\xampp\htdocs\codeigniter4\system\Autoloader\Autoloader.php(219): CodeIgniter\Autoloader\Autoloader->loadInNamespace('App\\Controllers...')
#3 [internal function]: CodeIgniter\Autoloader\Autoloader->loadClass('App\\Controllers...')
#4 C:\xampp\htdocs\codeigniter4\system\CodeIgniter.php(797): class_exists('\\App\\Controller...', true)
#5 C:\xampp\htdocs\codeigniter4\system\CodeIgniter.php(406): CodeIgniter\CodeIgniter->startController()
#6 C:\xampp\htdocs\codeigniter4\system\CodeIgniter.php(326): CodeIgniter\CodeIgniter->handleRequest(NULL, Object(Config\Cache), false)
#7 C:\xampp\htdocs\codeigniter4\public\index.php(37): CodeIgniter\CodeIgniter->run()
#8 {main}
CRITICAL - 2022-04-01 17:28:50 --> Class "App\Controller\BaseController" not found
#0 C:\xampp\htdocs\codeigniter4\system\Autoloader\Autoloader.php(264): include_once()
#1 C:\xampp\htdocs\codeigniter4\system\Autoloader\Autoloader.php(241): CodeIgniter\Autoloader\Autoloader->includeFile('C:\\xampp\\htdocs...')
#2 C:\xampp\htdocs\codeigniter4\system\Autoloader\Autoloader.php(219): CodeIgniter\Autoloader\Autoloader->loadInNamespace('App\\Controllers...')
#3 [internal function]: CodeIgniter\Autoloader\Autoloader->loadClass('App\\Controllers...')
#4 C:\xampp\htdocs\codeigniter4\system\CodeIgniter.php(797): class_exists('\\App\\Controller...', true)
#5 C:\xampp\htdocs\codeigniter4\system\CodeIgniter.php(406): CodeIgniter\CodeIgniter->startController()
#6 C:\xampp\htdocs\codeigniter4\system\CodeIgniter.php(326): CodeIgniter\CodeIgniter->handleRequest(NULL, Object(Config\Cache), false)
#7 C:\xampp\htdocs\codeigniter4\public\index.php(37): CodeIgniter\CodeIgniter->run()
#8 C:\xampp\htdocs\codeigniter4\system\Commands\Server\rewrite.php(43): require_once('C:\\xampp\\htdocs...')
#9 {main}
CRITICAL - 2022-04-01 17:28:55 --> Class "App\Controller\BaseController" not found
#0 C:\xampp\htdocs\codeigniter4\system\Autoloader\Autoloader.php(264): include_once()
#1 C:\xampp\htdocs\codeigniter4\system\Autoloader\Autoloader.php(241): CodeIgniter\Autoloader\Autoloader->includeFile('C:\\xampp\\htdocs...')
#2 C:\xampp\htdocs\codeigniter4\system\Autoloader\Autoloader.php(219): CodeIgniter\Autoloader\Autoloader->loadInNamespace('App\\Controllers...')
#3 [internal function]: CodeIgniter\Autoloader\Autoloader->loadClass('App\\Controllers...')
#4 C:\xampp\htdocs\codeigniter4\system\CodeIgniter.php(797): class_exists('\\App\\Controller...', true)
#5 C:\xampp\htdocs\codeigniter4\system\CodeIgniter.php(406): CodeIgniter\CodeIgniter->startController()
#6 C:\xampp\htdocs\codeigniter4\system\CodeIgniter.php(326): CodeIgniter\CodeIgniter->handleRequest(NULL, Object(Config\Cache), false)
#7 C:\xampp\htdocs\codeigniter4\public\index.php(37): CodeIgniter\CodeIgniter->run()
#8 C:\xampp\htdocs\codeigniter4\system\Commands\Server\rewrite.php(43): require_once('C:\\xampp\\htdocs...')
#9 {main}
CRITICAL - 2022-04-01 17:45:24 --> Class "App\Controller\BaseController" not found
#0 C:\xampp\htdocs\codeigniter4\system\Autoloader\Autoloader.php(264): include_once()
#1 C:\xampp\htdocs\codeigniter4\system\Autoloader\Autoloader.php(241): CodeIgniter\Autoloader\Autoloader->includeFile('C:\\xampp\\htdocs...')
#2 C:\xampp\htdocs\codeigniter4\system\Autoloader\Autoloader.php(219): CodeIgniter\Autoloader\Autoloader->loadInNamespace('App\\Controllers...')
#3 [internal function]: CodeIgniter\Autoloader\Autoloader->loadClass('App\\Controllers...')
#4 C:\xampp\htdocs\codeigniter4\system\CodeIgniter.php(797): class_exists('\\App\\Controller...', true)
#5 C:\xampp\htdocs\codeigniter4\system\CodeIgniter.php(406): CodeIgniter\CodeIgniter->startController()
#6 C:\xampp\htdocs\codeigniter4\system\CodeIgniter.php(326): CodeIgniter\CodeIgniter->handleRequest(NULL, Object(Config\Cache), false)
#7 C:\xampp\htdocs\codeigniter4\public\index.php(37): CodeIgniter\CodeIgniter->run()
#8 C:\xampp\htdocs\codeigniter4\system\Commands\Server\rewrite.php(43): require_once('C:\\xampp\\htdocs...')
#9 {main}
CRITICAL - 2022-04-01 17:46:03 --> Class "App\Controller\BaseController" not found
#0 C:\xampp\htdocs\codeigniter4\system\Autoloader\Autoloader.php(264): include_once()
#1 C:\xampp\htdocs\codeigniter4\system\Autoloader\Autoloader.php(241): CodeIgniter\Autoloader\Autoloader->includeFile('C:\\xampp\\htdocs...')
#2 C:\xampp\htdocs\codeigniter4\system\Autoloader\Autoloader.php(219): CodeIgniter\Autoloader\Autoloader->loadInNamespace('App\\Controllers...')
#3 [internal function]: CodeIgniter\Autoloader\Autoloader->loadClass('App\\Controllers...')
#4 C:\xampp\htdocs\codeigniter4\system\CodeIgniter.php(797): class_exists('\\App\\Controller...', true)
#5 C:\xampp\htdocs\codeigniter4\system\CodeIgniter.php(406): CodeIgniter\CodeIgniter->startController()
#6 C:\xampp\htdocs\codeigniter4\system\CodeIgniter.php(326): CodeIgniter\CodeIgniter->handleRequest(NULL, Object(Config\Cache), false)
#7 C:\xampp\htdocs\codeigniter4\public\index.php(37): CodeIgniter\CodeIgniter->run()
#8 {main}
CRITICAL - 2022-04-01 17:46:11 --> Class "App\Controller\BaseController" not found
#0 C:\xampp\htdocs\codeigniter4\system\Autoloader\Autoloader.php(264): include_once()
#1 C:\xampp\htdocs\codeigniter4\system\Autoloader\Autoloader.php(241): CodeIgniter\Autoloader\Autoloader->includeFile('C:\\xampp\\htdocs...')
#2 C:\xampp\htdocs\codeigniter4\system\Autoloader\Autoloader.php(219): CodeIgniter\Autoloader\Autoloader->loadInNamespace('App\\Controllers...')
#3 [internal function]: CodeIgniter\Autoloader\Autoloader->loadClass('App\\Controllers...')
#4 C:\xampp\htdocs\codeigniter4\system\CodeIgniter.php(797): class_exists('\\App\\Controller...', true)
#5 C:\xampp\htdocs\codeigniter4\system\CodeIgniter.php(406): CodeIgniter\CodeIgniter->startController()
#6 C:\xampp\htdocs\codeigniter4\system\CodeIgniter.php(326): CodeIgniter\CodeIgniter->handleRequest(NULL, Object(Config\Cache), false)
#7 C:\xampp\htdocs\codeigniter4\public\index.php(37): CodeIgniter\CodeIgniter->run()
#8 {main}
CRITICAL - 2022-04-01 18:02:56 --> Class "App\Controller\BaseController" not found
#0 C:\xampp\htdocs\codeigniter4\system\Autoloader\Autoloader.php(264): include_once()
#1 C:\xampp\htdocs\codeigniter4\system\Autoloader\Autoloader.php(241): CodeIgniter\Autoloader\Autoloader->includeFile('C:\\xampp\\htdocs...')
#2 C:\xampp\htdocs\codeigniter4\system\Autoloader\Autoloader.php(219): CodeIgniter\Autoloader\Autoloader->loadInNamespace('App\\Controllers...')
#3 [internal function]: CodeIgniter\Autoloader\Autoloader->loadClass('App\\Controllers...')
#4 C:\xampp\htdocs\codeigniter4\system\CodeIgniter.php(797): class_exists('\\App\\Controller...', true)
#5 C:\xampp\htdocs\codeigniter4\system\CodeIgniter.php(406): CodeIgniter\CodeIgniter->startController()
#6 C:\xampp\htdocs\codeigniter4\system\CodeIgniter.php(326): CodeIgniter\CodeIgniter->handleRequest(NULL, Object(Config\Cache), false)
#7 C:\xampp\htdocs\codeigniter4\public\index.php(37): CodeIgniter\CodeIgniter->run()
#8 {main}
CRITICAL - 2022-04-01 18:25:16 --> Class "App\Controller\BaseController" not found
#0 C:\xampp\htdocs\codeigniter4\system\Autoloader\Autoloader.php(264): include_once()
#1 C:\xampp\htdocs\codeigniter4\system\Autoloader\Autoloader.php(241): CodeIgniter\Autoloader\Autoloader->includeFile('C:\\xampp\\htdocs...')
#2 C:\xampp\htdocs\codeigniter4\system\Autoloader\Autoloader.php(219): CodeIgniter\Autoloader\Autoloader->loadInNamespace('App\\Controllers...')
#3 [internal function]: CodeIgniter\Autoloader\Autoloader->loadClass('App\\Controllers...')
#4 C:\xampp\htdocs\codeigniter4\system\CodeIgniter.php(797): class_exists('\\App\\Controller...', true)
#5 C:\xampp\htdocs\codeigniter4\system\CodeIgniter.php(406): CodeIgniter\CodeIgniter->startController()
#6 C:\xampp\htdocs\codeigniter4\system\CodeIgniter.php(326): CodeIgniter\CodeIgniter->handleRequest(NULL, Object(Config\Cache), false)
#7 C:\xampp\htdocs\codeigniter4\public\index.php(37): CodeIgniter\CodeIgniter->run()
#8 {main}
CRITICAL - 2022-04-01 18:25:23 --> Class "App\Controller\BaseController" not found
#0 C:\xampp\htdocs\codeigniter4\system\Autoloader\Autoloader.php(264): include_once()
#1 C:\xampp\htdocs\codeigniter4\system\Autoloader\Autoloader.php(241): CodeIgniter\Autoloader\Autoloader->includeFile('C:\\xampp\\htdocs...')
#2 C:\xampp\htdocs\codeigniter4\system\Autoloader\Autoloader.php(219): CodeIgniter\Autoloader\Autoloader->loadInNamespace('App\\Controllers...')
#3 [internal function]: CodeIgniter\Autoloader\Autoloader->loadClass('App\\Controllers...')
#4 C:\xampp\htdocs\codeigniter4\system\CodeIgniter.php(797): class_exists('\\App\\Controller...', true)
#5 C:\xampp\htdocs\codeigniter4\system\CodeIgniter.php(406): CodeIgniter\CodeIgniter->startController()
#6 C:\xampp\htdocs\codeigniter4\system\CodeIgniter.php(326): CodeIgniter\CodeIgniter->handleRequest(NULL, Object(Config\Cache), false)
#7 C:\xampp\htdocs\codeigniter4\public\index.php(37): CodeIgniter\CodeIgniter->run()
#8 {main}
CRITICAL - 2022-04-01 18:25:24 --> Class "App\Controller\BaseController" not found
#0 C:\xampp\htdocs\codeigniter4\system\Autoloader\Autoloader.php(264): include_once()
#1 C:\xampp\htdocs\codeigniter4\system\Autoloader\Autoloader.php(241): CodeIgniter\Autoloader\Autoloader->includeFile('C:\\xampp\\htdocs...')
#2 C:\xampp\htdocs\codeigniter4\system\Autoloader\Autoloader.php(219): CodeIgniter\Autoloader\Autoloader->loadInNamespace('App\\Controllers...')
#3 [internal function]: CodeIgniter\Autoloader\Autoloader->loadClass('App\\Controllers...')
#4 C:\xampp\htdocs\codeigniter4\system\CodeIgniter.php(797): class_exists('\\App\\Controller...', true)
#5 C:\xampp\htdocs\codeigniter4\system\CodeIgniter.php(406): CodeIgniter\CodeIgniter->startController()
#6 C:\xampp\htdocs\codeigniter4\system\CodeIgniter.php(326): CodeIgniter\CodeIgniter->handleRequest(NULL, Object(Config\Cache), false)
#7 C:\xampp\htdocs\codeigniter4\public\index.php(37): CodeIgniter\CodeIgniter->run()
#8 {main}
CRITICAL - 2022-04-01 18:25:33 --> Class "App\Controller\BaseController" not found
#0 C:\xampp\htdocs\codeigniter4\system\Autoloader\Autoloader.php(264): include_once()
#1 C:\xampp\htdocs\codeigniter4\system\Autoloader\Autoloader.php(241): CodeIgniter\Autoloader\Autoloader->includeFile('C:\\xampp\\htdocs...')
#2 C:\xampp\htdocs\codeigniter4\system\Autoloader\Autoloader.php(219): CodeIgniter\Autoloader\Autoloader->loadInNamespace('App\\Controllers...')
#3 [internal function]: CodeIgniter\Autoloader\Autoloader->loadClass('App\\Controllers...')
#4 C:\xampp\htdocs\codeigniter4\system\CodeIgniter.php(797): class_exists('\\App\\Controller...', true)
#5 C:\xampp\htdocs\codeigniter4\system\CodeIgniter.php(406): CodeIgniter\CodeIgniter->startController()
#6 C:\xampp\htdocs\codeigniter4\system\CodeIgniter.php(326): CodeIgniter\CodeIgniter->handleRequest(NULL, Object(Config\Cache), false)
#7 C:\xampp\htdocs\codeigniter4\public\index.php(37): CodeIgniter\CodeIgniter->run()
#8 C:\xampp\htdocs\codeigniter4\system\Commands\Server\rewrite.php(43): require_once('C:\\xampp\\htdocs...')
#9 {main}
CRITICAL - 2022-04-01 18:30:05 --> Class "App\Controller\BaseController" not found
#0 C:\xampp\htdocs\codeigniter4\system\Autoloader\Autoloader.php(264): include_once()
#1 C:\xampp\htdocs\codeigniter4\system\Autoloader\Autoloader.php(241): CodeIgniter\Autoloader\Autoloader->includeFile('C:\\xampp\\htdocs...')
#2 C:\xampp\htdocs\codeigniter4\system\Autoloader\Autoloader.php(219): CodeIgniter\Autoloader\Autoloader->loadInNamespace('App\\Controllers...')
#3 [internal function]: CodeIgniter\Autoloader\Autoloader->loadClass('App\\Controllers...')
#4 C:\xampp\htdocs\codeigniter4\system\CodeIgniter.php(797): class_exists('\\App\\Controller...', true)
#5 C:\xampp\htdocs\codeigniter4\system\CodeIgniter.php(406): CodeIgniter\CodeIgniter->startController()
#6 C:\xampp\htdocs\codeigniter4\system\CodeIgniter.php(326): CodeIgniter\CodeIgniter->handleRequest(NULL, Object(Config\Cache), false)
#7 C:\xampp\htdocs\codeigniter4\public\index.php(37): CodeIgniter\CodeIgniter->run()
#8 {main}
CRITICAL - 2022-04-01 18:30:06 --> Class "App\Controller\BaseController" not found
#0 C:\xampp\htdocs\codeigniter4\system\Autoloader\Autoloader.php(264): include_once()
#1 C:\xampp\htdocs\codeigniter4\system\Autoloader\Autoloader.php(241): CodeIgniter\Autoloader\Autoloader->includeFile('C:\\xampp\\htdocs...')
#2 C:\xampp\htdocs\codeigniter4\system\Autoloader\Autoloader.php(219): CodeIgniter\Autoloader\Autoloader->loadInNamespace('App\\Controllers...')
#3 [internal function]: CodeIgniter\Autoloader\Autoloader->loadClass('App\\Controllers...')
#4 C:\xampp\htdocs\codeigniter4\system\CodeIgniter.php(797): class_exists('\\App\\Controller...', true)
#5 C:\xampp\htdocs\codeigniter4\system\CodeIgniter.php(406): CodeIgniter\CodeIgniter->startController()
#6 C:\xampp\htdocs\codeigniter4\system\CodeIgniter.php(326): CodeIgniter\CodeIgniter->handleRequest(NULL, Object(Config\Cache), false)
#7 C:\xampp\htdocs\codeigniter4\public\index.php(37): CodeIgniter\CodeIgniter->run()
#8 {main}
CRITICAL - 2022-04-01 18:30:07 --> Class "App\Controller\BaseController" not found
#0 C:\xampp\htdocs\codeigniter4\system\Autoloader\Autoloader.php(264): include_once()
#1 C:\xampp\htdocs\codeigniter4\system\Autoloader\Autoloader.php(241): CodeIgniter\Autoloader\Autoloader->includeFile('C:\\xampp\\htdocs...')
#2 C:\xampp\htdocs\codeigniter4\system\Autoloader\Autoloader.php(219): CodeIgniter\Autoloader\Autoloader->loadInNamespace('App\\Controllers...')
#3 [internal function]: CodeIgniter\Autoloader\Autoloader->loadClass('App\\Controllers...')
#4 C:\xampp\htdocs\codeigniter4\system\CodeIgniter.php(797): class_exists('\\App\\Controller...', true)
#5 C:\xampp\htdocs\codeigniter4\system\CodeIgniter.php(406): CodeIgniter\CodeIgniter->startController()
#6 C:\xampp\htdocs\codeigniter4\system\CodeIgniter.php(326): CodeIgniter\CodeIgniter->handleRequest(NULL, Object(Config\Cache), false)
#7 C:\xampp\htdocs\codeigniter4\public\index.php(37): CodeIgniter\CodeIgniter->run()
#8 {main}
CRITICAL - 2022-04-01 18:30:07 --> Class "App\Controller\BaseController" not found
#0 C:\xampp\htdocs\codeigniter4\system\Autoloader\Autoloader.php(264): include_once()
#1 C:\xampp\htdocs\codeigniter4\system\Autoloader\Autoloader.php(241): CodeIgniter\Autoloader\Autoloader->includeFile('C:\\xampp\\htdocs...')
#2 C:\xampp\htdocs\codeigniter4\system\Autoloader\Autoloader.php(219): CodeIgniter\Autoloader\Autoloader->loadInNamespace('App\\Controllers...')
#3 [internal function]: CodeIgniter\Autoloader\Autoloader->loadClass('App\\Controllers...')
#4 C:\xampp\htdocs\codeigniter4\system\CodeIgniter.php(797): class_exists('\\App\\Controller...', true)
#5 C:\xampp\htdocs\codeigniter4\system\CodeIgniter.php(406): CodeIgniter\CodeIgniter->startController()
#6 C:\xampp\htdocs\codeigniter4\system\CodeIgniter.php(326): CodeIgniter\CodeIgniter->handleRequest(NULL, Object(Config\Cache), false)
#7 C:\xampp\htdocs\codeigniter4\public\index.php(37): CodeIgniter\CodeIgniter->run()
#8 {main}
CRITICAL - 2022-04-01 18:30:07 --> Class "App\Controller\BaseController" not found
#0 C:\xampp\htdocs\codeigniter4\system\Autoloader\Autoloader.php(264): include_once()
#1 C:\xampp\htdocs\codeigniter4\system\Autoloader\Autoloader.php(241): CodeIgniter\Autoloader\Autoloader->includeFile('C:\\xampp\\htdocs...')
#2 C:\xampp\htdocs\codeigniter4\system\Autoloader\Autoloader.php(219): CodeIgniter\Autoloader\Autoloader->loadInNamespace('App\\Controllers...')
#3 [internal function]: CodeIgniter\Autoloader\Autoloader->loadClass('App\\Controllers...')
#4 C:\xampp\htdocs\codeigniter4\system\CodeIgniter.php(797): class_exists('\\App\\Controller...', true)
#5 C:\xampp\htdocs\codeigniter4\system\CodeIgniter.php(406): CodeIgniter\CodeIgniter->startController()
#6 C:\xampp\htdocs\codeigniter4\system\CodeIgniter.php(326): CodeIgniter\CodeIgniter->handleRequest(NULL, Object(Config\Cache), false)
#7 C:\xampp\htdocs\codeigniter4\public\index.php(37): CodeIgniter\CodeIgniter->run()
#8 {main}
CRITICAL - 2022-04-01 18:30:07 --> Class "App\Controller\BaseController" not found
#0 C:\xampp\htdocs\codeigniter4\system\Autoloader\Autoloader.php(264): include_once()
#1 C:\xampp\htdocs\codeigniter4\system\Autoloader\Autoloader.php(241): CodeIgniter\Autoloader\Autoloader->includeFile('C:\\xampp\\htdocs...')
#2 C:\xampp\htdocs\codeigniter4\system\Autoloader\Autoloader.php(219): CodeIgniter\Autoloader\Autoloader->loadInNamespace('App\\Controllers...')
#3 [internal function]: CodeIgniter\Autoloader\Autoloader->loadClass('App\\Controllers...')
#4 C:\xampp\htdocs\codeigniter4\system\CodeIgniter.php(797): class_exists('\\App\\Controller...', true)
#5 C:\xampp\htdocs\codeigniter4\system\CodeIgniter.php(406): CodeIgniter\CodeIgniter->startController()
#6 C:\xampp\htdocs\codeigniter4\system\CodeIgniter.php(326): CodeIgniter\CodeIgniter->handleRequest(NULL, Object(Config\Cache), false)
#7 C:\xampp\htdocs\codeigniter4\public\index.php(37): CodeIgniter\CodeIgniter->run()
#8 {main}
CRITICAL - 2022-04-01 18:30:55 --> Invalid file: template/header.php
#0 C:\xampp\htdocs\codeigniter4\system\View\View.php(198): CodeIgniter\Exceptions\FrameworkException::forInvalidFile('template/header...')
#1 C:\xampp\htdocs\codeigniter4\system\Common.php(1089): CodeIgniter\View\View->render('template/header', Array, true)
#2 C:\xampp\htdocs\codeigniter4\app\Controllers\Pages.php(17): view('template/header', Array)
#3 C:\xampp\htdocs\codeigniter4\system\CodeIgniter.php(832): App\Controllers\Pages->view('home')
#4 C:\xampp\htdocs\codeigniter4\system\CodeIgniter.php(419): CodeIgniter\CodeIgniter->runController(Object(App\Controllers\Pages))
#5 C:\xampp\htdocs\codeigniter4\system\CodeIgniter.php(326): CodeIgniter\CodeIgniter->handleRequest(NULL, Object(Config\Cache), false)
#6 C:\xampp\htdocs\codeigniter4\public\index.php(37): CodeIgniter\CodeIgniter->run()
#7 {main}
CRITICAL - 2022-04-01 18:31:09 --> Invalid file: template/header.php
#0 C:\xampp\htdocs\codeigniter4\system\View\View.php(198): CodeIgniter\Exceptions\FrameworkException::forInvalidFile('template/header...')
#1 C:\xampp\htdocs\codeigniter4\system\Common.php(1089): CodeIgniter\View\View->render('template/header', Array, true)
#2 C:\xampp\htdocs\codeigniter4\app\Controllers\Pages.php(17): view('template/header', Array)
#3 C:\xampp\htdocs\codeigniter4\system\CodeIgniter.php(832): App\Controllers\Pages->view('home')
#4 C:\xampp\htdocs\codeigniter4\system\CodeIgniter.php(419): CodeIgniter\CodeIgniter->runController(Object(App\Controllers\Pages))
#5 C:\xampp\htdocs\codeigniter4\system\CodeIgniter.php(326): CodeIgniter\CodeIgniter->handleRequest(NULL, Object(Config\Cache), false)
#6 C:\xampp\htdocs\codeigniter4\public\index.php(37): CodeIgniter\CodeIgniter->run()
#7 {main}
CRITICAL - 2022-04-01 18:33:16 --> Invalid file: template/header.php
#0 C:\xampp\htdocs\codeigniter4\system\View\View.php(198): CodeIgniter\Exceptions\FrameworkException::forInvalidFile('template/header...')
#1 C:\xampp\htdocs\codeigniter4\system\Common.php(1089): CodeIgniter\View\View->render('template/header', Array, true)
#2 C:\xampp\htdocs\codeigniter4\app\Controllers\Pages.php(17): view('template/header', Array)
#3 C:\xampp\htdocs\codeigniter4\system\CodeIgniter.php(832): App\Controllers\Pages->view('home')
#4 C:\xampp\htdocs\codeigniter4\system\CodeIgniter.php(419): CodeIgniter\CodeIgniter->runController(Object(App\Controllers\Pages))
#5 C:\xampp\htdocs\codeigniter4\system\CodeIgniter.php(326): CodeIgniter\CodeIgniter->handleRequest(NULL, Object(Config\Cache), false)
#6 C:\xampp\htdocs\codeigniter4\public\index.php(37): CodeIgniter\CodeIgniter->run()
#7 {main}
CRITICAL - 2022-04-01 18:33:17 --> Invalid file: template/header.php
#0 C:\xampp\htdocs\codeigniter4\system\View\View.php(198): CodeIgniter\Exceptions\FrameworkException::forInvalidFile('template/header...')
#1 C:\xampp\htdocs\codeigniter4\system\Common.php(1089): CodeIgniter\View\View->render('template/header', Array, true)
#2 C:\xampp\htdocs\codeigniter4\app\Controllers\Pages.php(17): view('template/header', Array)
#3 C:\xampp\htdocs\codeigniter4\system\CodeIgniter.php(832): App\Controllers\Pages->view('home')
#4 C:\xampp\htdocs\codeigniter4\system\CodeIgniter.php(419): CodeIgniter\CodeIgniter->runController(Object(App\Controllers\Pages))
#5 C:\xampp\htdocs\codeigniter4\system\CodeIgniter.php(326): CodeIgniter\CodeIgniter->handleRequest(NULL, Object(Config\Cache), false)
#6 C:\xampp\htdocs\codeigniter4\public\index.php(37): CodeIgniter\CodeIgniter->run()
#7 {main}
CRITICAL - 2022-04-01 18:33:17 --> Invalid file: template/header.php
#0 C:\xampp\htdocs\codeigniter4\system\View\View.php(198): CodeIgniter\Exceptions\FrameworkException::forInvalidFile('template/header...')
#1 C:\xampp\htdocs\codeigniter4\system\Common.php(1089): CodeIgniter\View\View->render('template/header', Array, true)
#2 C:\xampp\htdocs\codeigniter4\app\Controllers\Pages.php(17): view('template/header', Array)
#3 C:\xampp\htdocs\codeigniter4\system\CodeIgniter.php(832): App\Controllers\Pages->view('home')
#4 C:\xampp\htdocs\codeigniter4\system\CodeIgniter.php(419): CodeIgniter\CodeIgniter->runController(Object(App\Controllers\Pages))
#5 C:\xampp\htdocs\codeigniter4\system\CodeIgniter.php(326): CodeIgniter\CodeIgniter->handleRequest(NULL, Object(Config\Cache), false)
#6 C:\xampp\htdocs\codeigniter4\public\index.php(37): CodeIgniter\CodeIgniter->run()
#7 {main}
CRITICAL - 2022-04-01 18:33:38 --> Invalid file: template/header.php
#0 C:\xampp\htdocs\codeigniter4\system\View\View.php(198): CodeIgniter\Exceptions\FrameworkException::forInvalidFile('template/header...')
#1 C:\xampp\htdocs\codeigniter4\system\Common.php(1089): CodeIgniter\View\View->render('template/header', Array, true)
#2 C:\xampp\htdocs\codeigniter4\app\Controllers\Pages.php(17): view('template/header', Array)
#3 C:\xampp\htdocs\codeigniter4\system\CodeIgniter.php(832): App\Controllers\Pages->view('home')
#4 C:\xampp\htdocs\codeigniter4\system\CodeIgniter.php(419): CodeIgniter\CodeIgniter->runController(Object(App\Controllers\Pages))
#5 C:\xampp\htdocs\codeigniter4\system\CodeIgniter.php(326): CodeIgniter\CodeIgniter->handleRequest(NULL, Object(Config\Cache), false)
#6 C:\xampp\htdocs\codeigniter4\public\index.php(37): CodeIgniter\CodeIgniter->run()
#7 {main}
CRITICAL - 2022-04-01 18:33:39 --> Invalid file: template/header.php
#0 C:\xampp\htdocs\codeigniter4\system\View\View.php(198): CodeIgniter\Exceptions\FrameworkException::forInvalidFile('template/header...')
#1 C:\xampp\htdocs\codeigniter4\system\Common.php(1089): CodeIgniter\View\View->render('template/header', Array, true)
#2 C:\xampp\htdocs\codeigniter4\app\Controllers\Pages.php(17): view('template/header', Array)
#3 C:\xampp\htdocs\codeigniter4\system\CodeIgniter.php(832): App\Controllers\Pages->view('home')
#4 C:\xampp\htdocs\codeigniter4\system\CodeIgniter.php(419): CodeIgniter\CodeIgniter->runController(Object(App\Controllers\Pages))
#5 C:\xampp\htdocs\codeigniter4\system\CodeIgniter.php(326): CodeIgniter\CodeIgniter->handleRequest(NULL, Object(Config\Cache), false)
#6 C:\xampp\htdocs\codeigniter4\public\index.php(37): CodeIgniter\CodeIgniter->run()
#7 {main}
CRITICAL - 2022-04-01 18:34:52 --> Invalid file: template/header.php
#0 C:\xampp\htdocs\codeigniter4\system\View\View.php(198): CodeIgniter\Exceptions\FrameworkException::forInvalidFile('template/header...')
#1 C:\xampp\htdocs\codeigniter4\system\Common.php(1089): CodeIgniter\View\View->render('template/header', Array, true)
#2 C:\xampp\htdocs\codeigniter4\app\Controllers\Pages.php(17): view('template/header', Array)
#3 C:\xampp\htdocs\codeigniter4\system\CodeIgniter.php(832): App\Controllers\Pages->view('home')
#4 C:\xampp\htdocs\codeigniter4\system\CodeIgniter.php(419): CodeIgniter\CodeIgniter->runController(Object(App\Controllers\Pages))
#5 C:\xampp\htdocs\codeigniter4\system\CodeIgniter.php(326): CodeIgniter\CodeIgniter->handleRequest(NULL, Object(Config\Cache), false)
#6 C:\xampp\htdocs\codeigniter4\public\index.php(37): CodeIgniter\CodeIgniter->run()
#7 {main}
CRITICAL - 2022-04-01 18:34:53 --> Invalid file: template/header.php
#0 C:\xampp\htdocs\codeigniter4\system\View\View.php(198): CodeIgniter\Exceptions\FrameworkException::forInvalidFile('template/header...')
#1 C:\xampp\htdocs\codeigniter4\system\Common.php(1089): CodeIgniter\View\View->render('template/header', Array, true)
#2 C:\xampp\htdocs\codeigniter4\app\Controllers\Pages.php(17): view('template/header', Array)
#3 C:\xampp\htdocs\codeigniter4\system\CodeIgniter.php(832): App\Controllers\Pages->view('home')
#4 C:\xampp\htdocs\codeigniter4\system\CodeIgniter.php(419): CodeIgniter\CodeIgniter->runController(Object(App\Controllers\Pages))
#5 C:\xampp\htdocs\codeigniter4\system\CodeIgniter.php(326): CodeIgniter\CodeIgniter->handleRequest(NULL, Object(Config\Cache), false)
#6 C:\xampp\htdocs\codeigniter4\public\index.php(37): CodeIgniter\CodeIgniter->run()
#7 {main}
CRITICAL - 2022-04-01 18:34:54 --> Invalid file: template/header.php
#0 C:\xampp\htdocs\codeigniter4\system\View\View.php(198): CodeIgniter\Exceptions\FrameworkException::forInvalidFile('template/header...')
#1 C:\xampp\htdocs\codeigniter4\system\Common.php(1089): CodeIgniter\View\View->render('template/header', Array, true)
#2 C:\xampp\htdocs\codeigniter4\app\Controllers\Pages.php(17): view('template/header', Array)
#3 C:\xampp\htdocs\codeigniter4\system\CodeIgniter.php(832): App\Controllers\Pages->view('home')
#4 C:\xampp\htdocs\codeigniter4\system\CodeIgniter.php(419): CodeIgniter\CodeIgniter->runController(Object(App\Controllers\Pages))
#5 C:\xampp\htdocs\codeigniter4\system\CodeIgniter.php(326): CodeIgniter\CodeIgniter->handleRequest(NULL, Object(Config\Cache), false)
#6 C:\xampp\htdocs\codeigniter4\public\index.php(37): CodeIgniter\CodeIgniter->run()
#7 {main}
CRITICAL - 2022-04-01 18:34:54 --> Invalid file: template/header.php
#0 C:\xampp\htdocs\codeigniter4\system\View\View.php(198): CodeIgniter\Exceptions\FrameworkException::forInvalidFile('template/header...')
#1 C:\xampp\htdocs\codeigniter4\system\Common.php(1089): CodeIgniter\View\View->render('template/header', Array, true)
#2 C:\xampp\htdocs\codeigniter4\app\Controllers\Pages.php(17): view('template/header', Array)
#3 C:\xampp\htdocs\codeigniter4\system\CodeIgniter.php(832): App\Controllers\Pages->view('home')
#4 C:\xampp\htdocs\codeigniter4\system\CodeIgniter.php(419): CodeIgniter\CodeIgniter->runController(Object(App\Controllers\Pages))
#5 C:\xampp\htdocs\codeigniter4\system\CodeIgniter.php(326): CodeIgniter\CodeIgniter->handleRequest(NULL, Object(Config\Cache), false)
#6 C:\xampp\htdocs\codeigniter4\public\index.php(37): CodeIgniter\CodeIgniter->run()
#7 {main}
CRITICAL - 2022-04-01 18:34:55 --> Invalid file: template/header.php
#0 C:\xampp\htdocs\codeigniter4\system\View\View.php(198): CodeIgniter\Exceptions\FrameworkException::forInvalidFile('template/header...')
#1 C:\xampp\htdocs\codeigniter4\system\Common.php(1089): CodeIgniter\View\View->render('template/header', Array, true)
#2 C:\xampp\htdocs\codeigniter4\app\Controllers\Pages.php(17): view('template/header', Array)
#3 C:\xampp\htdocs\codeigniter4\system\CodeIgniter.php(832): App\Controllers\Pages->view('home')
#4 C:\xampp\htdocs\codeigniter4\system\CodeIgniter.php(419): CodeIgniter\CodeIgniter->runController(Object(App\Controllers\Pages))
#5 C:\xampp\htdocs\codeigniter4\system\CodeIgniter.php(326): CodeIgniter\CodeIgniter->handleRequest(NULL, Object(Config\Cache), false)
#6 C:\xampp\htdocs\codeigniter4\public\index.php(37): CodeIgniter\CodeIgniter->run()
#7 {main}
